  Game.cpp
C:\Users\yabus\source\repos\AimKulkiSFML\AimKulkiSFML\src\Game.cpp(45,94): warning C4554: '|': check operator precedence for possible error; use parentheses to clarify precedence
C:\Users\yabus\source\repos\AimKulkiSFML\AimKulkiSFML\src\Game.cpp(51,106): warning C4244: 'argument': conversion from 'T' to 'T', possible loss of data
          with
          [
              T=int
          ]
          and
          [
              T=float
          ]
C:\Users\yabus\source\repos\AimKulkiSFML\AimKulkiSFML\src\Game.cpp(51,75): warning C4244: 'argument': conversion from 'T' to 'T', possible loss of data
          with
          [
              T=int
          ]
          and
          [
              T=float
          ]
C:\Users\yabus\source\repos\AimKulkiSFML\AimKulkiSFML\src\Game.cpp(52,101): warning C4244: 'argument': conversion from 'T' to 'T', possible loss of data
          with
          [
              T=int
          ]
          and
          [
              T=float
          ]
C:\Users\yabus\source\repos\AimKulkiSFML\AimKulkiSFML\src\Game.cpp(52,70): warning C4244: 'argument': conversion from 'T' to 'T', possible loss of data
          with
          [
              T=int
          ]
          and
          [
              T=float
          ]
C:\Users\yabus\source\repos\AimKulkiSFML\AimKulkiSFML\src\Game.cpp(57,67): warning C4244: 'argument': conversion from 'int' to 'T', possible loss of data
          with
          [
              T=float
          ]
C:\Users\yabus\source\repos\AimKulkiSFML\AimKulkiSFML\src\Game.cpp(57,51): warning C4244: 'argument': conversion from 'int' to 'T', possible loss of data
          with
          [
              T=float
          ]
  AimKulkiSFML.vcxproj -> C:\Users\yabus\source\repos\AimKulkiSFML\Debug\AimKulkiSFML.exe
